<?xml version="1.0" encoding="UTF-8"?>
<testng-results ignored="0" total="5" passed="5" failed="0" skipped="0">
  <reporter-output>
  </reporter-output>
  <suite started-at="2020-10-10T12:59:28 IST" name="Suite" finished-at="2020-10-10T13:00:24 IST" duration-ms="56356">
    <groups>
    </groups>
    <test started-at="2020-10-10T12:59:28 IST" name="Validating User Login" finished-at="2020-10-10T12:59:51 IST" duration-ms="23324">
      <class name="Academy.HomePage">
        <test-method is-config="true" signature="initialize()[pri:0, instance:Academy.HomePage@56b78e55]" started-at="2020-10-10T12:59:28 IST" name="initialize" finished-at="2020-10-10T12:59:31 IST" duration-ms="3179" status="PASS">
          <reporter-output>
          </reporter-output>
        </test-method> <!-- initialize -->
        <test-method signature="basePageNavigation(java.lang.String, java.lang.String, java.lang.String)[pri:0, instance:Academy.HomePage@56b78e55]" started-at="2020-10-10T12:59:31 IST" name="basePageNavigation" data-provider="getData" finished-at="2020-10-10T12:59:43 IST" duration-ms="11228" status="PASS">
          <params>
            <param index="0">
              <value>
                <![CDATA[abc@xyz.com]]>
              </value>
            </param>
            <param index="1">
              <value>
                <![CDATA[123]]>
              </value>
            </param>
            <param index="2">
              <value>
                <![CDATA[ddd]]>
              </value>
            </param>
          </params>
          <reporter-output>
          </reporter-output>
        </test-method> <!-- basePageNavigation -->
        <test-method signature="basePageNavigation(java.lang.String, java.lang.String, java.lang.String)[pri:0, instance:Academy.HomePage@56b78e55]" started-at="2020-10-10T12:59:43 IST" name="basePageNavigation" data-provider="getData" finished-at="2020-10-10T12:59:51 IST" duration-ms="8442" status="PASS">
          <params>
            <param index="0">
              <value>
                <![CDATA[xyz@abc.com]]>
              </value>
            </param>
            <param index="1">
              <value>
                <![CDATA[345]]>
              </value>
            </param>
            <param index="2">
              <value>
                <![CDATA[kkk1]]>
              </value>
            </param>
          </params>
          <reporter-output>
          </reporter-output>
        </test-method> <!-- basePageNavigation -->
        <test-method is-config="true" signature="tearDown()[pri:0, instance:Academy.HomePage@56b78e55]" started-at="2020-10-10T12:59:51 IST" name="tearDown" finished-at="2020-10-10T12:59:51 IST" duration-ms="269" status="PASS">
          <reporter-output>
          </reporter-output>
        </test-method> <!-- tearDown -->
      </class> <!-- Academy.HomePage -->
    </test> <!-- Validating User Login -->
    <test started-at="2020-10-10T12:59:53 IST" name="Validating navigation bar" finished-at="2020-10-10T13:00:07 IST" duration-ms="14826">
      <class name="Academy.validateNavBar">
        <test-method is-config="true" signature="initialize()[pri:0, instance:Academy.validateNavBar@51768776]" started-at="2020-10-10T12:59:53 IST" name="initialize" finished-at="2020-10-10T13:00:04 IST" duration-ms="11883" status="PASS">
          <reporter-output>
          </reporter-output>
        </test-method> <!-- initialize -->
        <test-method signature="validatePageNavigation()[pri:0, instance:Academy.validateNavBar@51768776]" started-at="2020-10-10T13:00:04 IST" name="validatePageNavigation" finished-at="2020-10-10T13:00:07 IST" duration-ms="2641" status="PASS">
          <reporter-output>
          </reporter-output>
        </test-method> <!-- validatePageNavigation -->
        <test-method is-config="true" signature="tearDown()[pri:0, instance:Academy.validateNavBar@51768776]" started-at="2020-10-10T13:00:07 IST" name="tearDown" finished-at="2020-10-10T13:00:07 IST" duration-ms="300" status="PASS">
          <reporter-output>
          </reporter-output>
        </test-method> <!-- tearDown -->
      </class> <!-- Academy.validateNavBar -->
    </test> <!-- Validating navigation bar -->
    <test started-at="2020-10-10T13:00:07 IST" name="Validating title of page" finished-at="2020-10-10T13:00:24 IST" duration-ms="16933">
      <class name="Academy.validateTitle">
        <test-method is-config="true" signature="initialize()[pri:0, instance:Academy.validateTitle@3a0807b7]" started-at="2020-10-10T13:00:07 IST" name="initialize" finished-at="2020-10-10T13:00:20 IST" duration-ms="12230" status="PASS">
          <reporter-output>
          </reporter-output>
        </test-method> <!-- initialize -->
        <test-method signature="validateHeader()[pri:0, instance:Academy.validateTitle@3a0807b7]" started-at="2020-10-10T13:00:20 IST" name="validateHeader" finished-at="2020-10-10T13:00:20 IST" duration-ms="200" status="PASS">
          <reporter-output>
          </reporter-output>
        </test-method> <!-- validateHeader -->
        <test-method signature="validatePageTitle()[pri:0, instance:Academy.validateTitle@3a0807b7]" started-at="2020-10-10T13:00:20 IST" name="validatePageTitle" finished-at="2020-10-10T13:00:20 IST" duration-ms="76" status="PASS">
          <reporter-output>
          </reporter-output>
        </test-method> <!-- validatePageTitle -->
        <test-method is-config="true" signature="tearDown()[pri:0, instance:Academy.validateTitle@3a0807b7]" started-at="2020-10-10T13:00:20 IST" name="tearDown" finished-at="2020-10-10T13:00:24 IST" duration-ms="4422" status="PASS">
          <reporter-output>
          </reporter-output>
        </test-method> <!-- tearDown -->
      </class> <!-- Academy.validateTitle -->
    </test> <!-- Validating title of page -->
  </suite> <!-- Suite -->
</testng-results>
